app/build/intermediates/manifest_merge_blame_file/debug/manifest-merger-blame-debug-report.txt
1<?xml version="1.0" encoding="utf-8"?>
2<manifest xmlns:android="http://schemas.android.com/apk/res/android"
3    package="com.farixz.reelsblocker"
4    android:versionCode="1"
5    android:versionName="1.0" >
6
7    <uses-sdk
8        android:minSdkVersion="21"
8-->src\main\AndroidManifest.xml
9        android:targetSdkVersion="33" />
9-->src\main\AndroidManifest.xml
10
11    <application
11-->src\main\AndroidManifest.xml:5:5-44:19
12        android:allowBackup="true"
12-->src\main\AndroidManifest.xml:6:9-35
13        android:appComponentFactory="androidx.core.app.CoreComponentFactory"
13-->[androidx.core:core:1.5.0] AndroidManifest.xml:24:18-86
14        android:debuggable="true"
15        android:icon="@mipmap/ic_launcher"
15-->src\main\AndroidManifest.xml:7:9-43
16        android:label="@string/app_name"
16-->src\main\AndroidManifest.xml:8:9-41
17        android:roundIcon="@mipmap/ic_launcher_round"
17-->src\main\AndroidManifest.xml:9:9-54
18        android:supportsRtl="true"
18-->src\main\AndroidManifest.xml:10:9-35
19        android:testOnly="true"
20        android:theme="@style/Theme.ReelsBlocker" >
20-->src\main\AndroidManifest.xml:11:9-50
21        <activity
21-->src\main\AndroidManifest.xml:12:9-19:20
22            android:name="com.farixz.reelsblocker.MainActivity"
22-->src\main\AndroidManifest.xml:13:13-64
23            android:exported="true" >
23-->src\main\AndroidManifest.xml:14:13-36
24            <intent-filter>
24-->src\main\AndroidManifest.xml:15:13-18:29
25                <action android:name="android.intent.action.MAIN" />
25-->src\main\AndroidManifest.xml:16:17-69
25-->src\main\AndroidManifest.xml:16:25-66
26
27                <category android:name="de.robv.android.xposed.category.MODULE_SETTINGS" />
27-->src\main\AndroidManifest.xml:17:17-92
27-->src\main\AndroidManifest.xml:17:27-89
28            </intent-filter>
29        </activity>
30
31        <activity-alias
31-->src\main\AndroidManifest.xml:20:9-30:26
32            android:name="com.farixz.reelsblocker.MainActivity"
32-->src\main\AndroidManifest.xml:21:13-41
33            android:enabled="true"
33-->src\main\AndroidManifest.xml:23:13-35
34            android:exported="true"
34-->src\main\AndroidManifest.xml:25:13-36
35            android:label="@string/app_name"
35-->src\main\AndroidManifest.xml:22:13-45
36            android:targetActivity="com.farixz.reelsblocker.MainActivity" >
36-->src\main\AndroidManifest.xml:24:13-74
37            <intent-filter>
37-->src\main\AndroidManifest.xml:26:13-29:29
38                <action android:name="android.intent.action.MAIN" />
38-->src\main\AndroidManifest.xml:16:17-69
38-->src\main\AndroidManifest.xml:16:25-66
39
40                <category android:name="android.intent.category.LAUNCHER" />
40-->src\main\AndroidManifest.xml:28:17-77
40-->src\main\AndroidManifest.xml:28:27-74
41            </intent-filter>
42        </activity-alias>
43
44        <meta-data
44-->src\main\AndroidManifest.xml:32:9-34:36
45            android:name="xposedmodule"
45-->src\main\AndroidManifest.xml:33:13-40
46            android:value="true" />
46-->src\main\AndroidManifest.xml:34:13-33
47        <meta-data
47-->src\main\AndroidManifest.xml:35:9-37:73
48            android:name="xposeddescription"
48-->src\main\AndroidManifest.xml:36:13-45
49            android:value="Change the statusbar clock text and color" />
49-->src\main\AndroidManifest.xml:37:13-70
50        <meta-data
50-->src\main\AndroidManifest.xml:38:9-40:34
51            android:name="xposedminversion"
51-->src\main\AndroidManifest.xml:39:13-44
52            android:value="82" />
52-->src\main\AndroidManifest.xml:40:13-31
53        <meta-data
53-->src\main\AndroidManifest.xml:41:9-43:47
54            android:name="xposedscope"
54-->src\main\AndroidManifest.xml:42:13-39
55            android:resource="@array/scope" />
55-->src\main\AndroidManifest.xml:43:13-44
56    </application>
57
58</manifest>